Title: 406971 – kde-base/kget-4.7.4 failed tests
URL: https://bugs.gentoo.org/show_bug.cgi?id=406971

Go to: 
		Gentoo Home
Documentation
Forums
Lists
Bugs
Planet
Store
Wiki
Get Gentoo!





Gentoo's Bugzilla – Bug 406971
kde-base/kget-4.7.4 failed tests
Last modified: 2012-06-23 19:57:23 UTC node [vulture]


Home
| New–[Ex]
| Browse
| Search
| Privacy Policy

| 





[?]
| Reports

| 
Requests

| 
Help


| 
New Account


| 
Log In





[x]



| 
Forgot Password

Login:




[x]













Bug 406971 
      - kde-base/kget-4.7.4 failed tests


Summary:
kde-base/kget-4.7.4 failed tests
    








Status:
    

RESOLVED
          WORKSFORME
      






Alias:


        None
    





Product:

Gentoo Linux




Classification:

Unclassified




Component:

[OLD] KDE

  (show other bugs)



Hardware:

All
        Linux
      







Importance:
      
Normal
       normal
      


Assignee:

Gentoo KDE team








URL:







Whiteboard:




Keywords:








Depends on:







Blocks:









 





      Reported:
    
2012-03-05 10:36 UTC by Paweł Hajdan, Jr. (RETIRED)





      Modified:
    
2012-06-23 19:57 UTC
      (History)
    




          CC List:
        

1 
          user
          
            (show)
          



creffett









See Also:






Package list:







Runtime testing required:

---























      Attachments
    




build.log.gz

              (kde-base:kget-4.7.4:20120305-094017.log.gz,24.46 KB,
                application/x-gzip)

            
2012-03-05 10:36 UTC,

            Paweł Hajdan, Jr. (RETIRED)




Details





View All

Add an attachment
        (proposed patch, testcase, etc.)
    








Note
              You need to
              log in
              before you can comment on or make changes to this bug.
            

















Description


Paweł Hajdan, Jr. (RETIRED)






          2012-03-05 10:36:57 UTC
        

Created attachment 304285 [details]
build.log.gz

>>> Working in BUILD_DIR: "/var/tmp/portage/kde-base/kget-4.7.4/work/kget-4.7.4_build"
Test project /var/tmp/portage/kde-base/kget-4.7.4/work/kget-4.7.4_build
    Start 1: kget-verifiertest
1/3 Test #1: kget-verifiertest ................***Failed    2.20 sec
    Start 2: kget-schedulertest
2/3 Test #2: kget-schedulertest ...............   Passed    0.31 sec
    Start 3: kget-metalinktest
3/3 Test #3: kget-metalinktest ................   Passed    0.09 sec

67% tests passed, 1 tests failed out of 3

Total Test time (real) =   5.74 sec

The following tests FAILED:
          1 - kget-verifiertest (Failed)
Errors while running CTest
 * ERROR: kde-base/kget-4.7.4 failed (test phase):
 *   Tests failed. When you file a bug, please attach the following file: 
 *      /var/tmp/portage/kde-base/kget-4.7.4/work/kget-4.7.4_build/Testing/Temporary/LastTest.log

Portage 2.1.10.44 (default/linux/x86/10.0/developer, gcc-4.5.3, glibc-2.13-r4, 3.1.6-gentoo i686)
=================================================================
System uname: Linux-3.1.6-gentoo-i686-Intel-R-_Core-TM-2_Duo_CPU_P8700_@_2.53GHz-with-gentoo-2.0.3
Timestamp of tree: Sat, 03 Mar 2012 12:00:01 +0000
app-shells/bash:          4.1_p9
dev-java/java-config:     2.1.11-r3
dev-lang/python:          2.7.2-r3, 3.1.4-r3
dev-util/cmake:           2.8.6-r4
dev-util/pkgconfig:       0.26
sys-apps/baselayout:      2.0.3
sys-apps/openrc:          0.9.8.4
sys-apps/sandbox:         2.5
sys-devel/autoconf:       2.68
sys-devel/automake:       1.11.1
sys-devel/binutils:       2.21.1-r1
sys-devel/gcc:            4.5.3-r2
sys-devel/gcc-config:     1.4.1-r1
sys-devel/libtool:        2.4-r1
sys-devel/make:           3.82-r1
sys-kernel/linux-headers: 3.1 (virtual/os-headers)
sys-libs/glibc:           2.13-r4
Repositories: gentoo x-portage
ACCEPT_KEYWORDS="x86"
ACCEPT_LICENSE="*"
CBUILD="i686-pc-linux-gnu"
CFLAGS="-O2 -march=i686 -pipe"
CHOST="i686-pc-linux-gnu"
CONFIG_PROTECT="/etc /usr/share/config /usr/share/gnupg/qualified.txt /usr/share/openvpn/easy-rsa /var/lib/hsqldb"
CONFIG_PROTECT_MASK="/etc/ca-certificates.conf /etc/env.d /etc/env.d/java/ /etc/fonts/fonts.conf /etc/gconf /etc/gentoo-release /etc/revdep-rebuild /etc/sandbox.d /etc/terminfo /etc/texmf/language.dat.d /etc/texmf/language.def.d /etc/texmf/updmap.d /etc/texmf/web2c"
CXXFLAGS="-O2 -march=i686 -pipe"
DISTDIR="/usr/portage/distfiles"
FEATURES="assume-digests binpkg-logs collision-protect compress-build-logs distlocks ebuild-locks fixlafiles multilib-strict news parallel-fetch protect-owned sandbox sfperms sign splitdebug strict test test-fail-continue unknown-features-warn unmerge-logs unmerge-orphans userfetch userpriv usersandbox"
FFLAGS=""
GENTOO_MIRRORS="http://distfiles.gentoo.org"
LDFLAGS="-Wl,--hash-style=gnu -Wl,-O1 -Wl,--as-needed"
MAKEOPTS="-j3"
PKGDIR="/usr/portage/packages"
PORTAGE_CONFIGROOT="/"
PORTAGE_RSYNC_OPTS="--recursive --links --safe-links --perms --times --compress --force --whole-file --delete --stats --timeout=180 --exclude=/distfiles --exclude=/local --exclude=/packages"
PORTAGE_TMPDIR="/var/tmp"
PORTDIR="/usr/portage"
PORTDIR_OVERLAY="/usr/local/portage"
SYNC="rsync://rsync.gentoo.org/gentoo-portage"
USE="X a52 aac acl acpi alsa berkdb bzip2 cairo cdda cdr cli consolekit cracklib crypt cups cxx dbus device-mapper dri dts dvd dvdr emacs emboss encode exif fam firefox flac fortran gdbm gdu gif git gnutls gtk iconv icu jpeg lcms libkms libnotify mad mbox mercurial mng modules mp3 mp4 mpeg mudflap ncurses nls nptl nptlonly nss objc ogg opengl openmp pam pango pcre pdf perl png policykit ppds pppd python qt3support readline sdl secure-delete session snmp spell sqlite ssl startup-notification subversion svg sysfs tcpd threads tiff toolkit-scroll-bars truetype udev unicode usb vorbis x264 x86 xcb xft xinerama xml xorg xulrunner xv xvfb xvid zlib" ALSA_CARDS="ens1371" ALSA_PCM_PLUGINS="adpcm alaw asym copy dmix dshare dsnoop empty extplug file hooks iec958 ioplug ladspa lfloat linear meter mmap_emul mulaw multi null plug rate route share shm softvol" APACHE2_MODULES="actions alias auth_basic authn_alias authn_anon authn_dbm authn_default authn_file authz_dbm authz_default authz_groupfile authz_host authz_owner authz_user autoindex cache cgi cgid dav dav_fs dav_lock deflate dir disk_cache env expires ext_filter file_cache filter headers include info log_config logio mem_cache mime mime_magic negotiation rewrite setenvif speling status unique_id userdir usertrack vhost_alias" CALLIGRA_FEATURES="kexi words flow plan stage tables krita karbon braindump" CAMERAS="ptp2" COLLECTD_PLUGINS="df interface irq load memory rrdtool swap syslog" ELIBC="glibc" GPSD_PROTOCOLS="ashtech aivdm earthmate evermore fv18 garmin garmintxt gpsclock itrax mtk3301 nmea ntrip navcom oceanserver oldstyle oncore rtcm104v2 rtcm104v3 sirf superstar2 timing tsip tripmate tnt ubx" INPUT_DEVICES="evdev keyboard vmmouse" KERNEL="linux" LCD_DEVICES="bayrad cfontz cfontz633 glk hd44780 lb216 lcdm001 mtxorb ncurses text" PHP_TARGETS="php5-3" RUBY_TARGETS="ruby18" USERLAND="GNU" VIDEO_CARDS="vmware vesa vga" XTABLES_ADDONS="quota2 psd pknock lscan length2 ipv4options ipset ipp2p iface geoip fuzzy condition tee tarpit sysrq steal rawnat logmark ipmark dhcpmac delude chaos account"
Unset:  CPPFLAGS, CTARGET, EMERGE_DEFAULT_OPTS, INSTALL_MASK, LANG, LC_ALL, LINGUAS, PORTAGE_BUNZIP2_COMMAND, PORTAGE_COMPRESS, PORTAGE_COMPRESS_FLAGS, PORTAGE_RSYNC_EXTRA_OPTS




Comment 1


Chris Reffett (RETIRED)







          2012-03-05 23:37:12 UTC
        

Tests successfully for me with both 4.7.4 and 4.8.0. Please attach LastTest.log, as recommended in the emerge failure message.




Comment 2


Ian Delaney (RETIRED)






          2012-03-08 12:56:08 UTC
        

gentoo64 / # gt
FEATURES="userpriv test sandbox usersandbox multilib-strict collision-protect

gentoo64 / # emerge =kde-base/kget-4.7.4
>>> Installing (11 of 11) kde-base/kget-4.7.4


similar; likely an x86 issue




Comment 3


Chris Reffett (RETIRED)







          2012-06-23 19:57:23 UTC
        

Have not been able to replicate this and nothing further from phajdan.jr, closing as WORKSFORME. (I suppose it could also be construed as NEEDINFO). Reopen if this can be replicated.









Format For Printing
 - XML
 - Clone This Bug
 - Clone In The Same 
                        Product
 - Top of page 







Home
| New–[Ex]
| Browse
| Search
| Privacy Policy

| 





[?]
| Reports

| 
Requests

| 
Help


| 
New Account


| 
Log In





[x]



| 
Forgot Password

Login:




[x]

