Title: 618208 – kde-frameworks/kwidgetsaddons-5.33.0 fails test KColumnResizerTest::test(grid-and-form) - Compared values are not the same
URL: https://bugs.gentoo.org/show_bug.cgi?id=618208

Go to: 
		Gentoo Home
Documentation
Forums
Lists
Bugs
Planet
Store
Wiki
Get Gentoo!





Gentoo's Bugzilla – Bug 618208
kde-frameworks/kwidgetsaddons-5.33.0 fails test KColumnResizerTest::test(grid-and-form) - Compared values are not the same
Last modified: 2017-05-30 18:07:24 UTC node [vulture]


Home
| New–[Ex]
| Browse
| Search
| Privacy Policy

| 





[?]
| Reports

| 
Requests

| 
Help


| 
New Account


| 
Log In





[x]



| 
Forgot Password

Login:




[x]













Bug 618208 
      - kde-frameworks/kwidgetsaddons-5.33.0 fails test KColumnResizerTest::test(grid-and-form) - Compared values are not the same


Summary:
kde-frameworks/kwidgetsaddons-5.33.0 fails test KColumnResizerTest::test(grid...
        









Status:
    

RESOLVED
          WORKSFORME
      






Alias:


        None
    





Product:

Gentoo Linux




Classification:

Unclassified




Component:

Current packages

  (show other bugs)



Hardware:

All
        Linux
      







Importance:
      
Normal
       normal
      


Assignee:

Gentoo KDE team








URL:







Whiteboard:




Keywords:

TESTFAILURE







Depends on:







Blocks:









 





      Reported:
    
2017-05-11 16:05 UTC by eroen





      Modified:
    
2017-05-30 18:07 UTC
      (History)
    




          CC List:
        

1 
          user
          
            (show)
          



itumaykin+gentoo









See Also:






Package list:







Runtime testing required:

---























      Attachments
    




kde-frameworks/kwidgetsaddons-5.33.0:20170511-155108.log

              (kwidgetsaddons-5.33.0:20170511-155108.log,385.08 KB,
                text/plain)

            
2017-05-11 16:05 UTC,

            eroen




Details





LastTest.log

              (LastTest.log,24.60 KB,
                text/plain)

            
2017-05-11 16:06 UTC,

            eroen




Details





View All

Add an attachment
        (proposed patch, testcase, etc.)
    








Note
              You need to
              log in
              before you can comment on or make changes to this bug.
            

















Description


eroen





          2017-05-11 16:05:13 UTC
        

Created attachment 472334 [details]
kde-frameworks/kwidgetsaddons-5.33.0:20170511-155108.log

12/14 Test #14: kwidgetsaddons-kcolumnresizertest ...***Failed    1.80 sec
13/14 Test #13: ksplittercollapserbuttontest ........   Passed    2.47 sec
14/14 Test #11: kmessagewidgetautotest ..............   Passed    7.37 sec

93% tests passed, 1 tests failed out of 14

Total Test time (real) =  12.62 sec

The following tests FAILED:
	 14 - kwidgetsaddons-kcolumnresizertest (Failed)
Errors while running CTest
 * ERROR: kde-frameworks/kwidgetsaddons-5.33.0::gentoo failed (test phase):
 *   Tests failed. When you file a bug, please attach the following file: 
 * 	/var/tmp/portage/kde-frameworks/kwidgetsaddons-5.33.0/work/kwidgetsaddons-5.33.0_build/Testing/Temporary/LastTest.log
 * 
 * Call stack:
 *               ebuild.sh, line  115:  Called src_test
 *             environment, line 4091:  Called kde5_src_test
 *             environment, line 3079:  Called virtx '_test_runner'
 *             environment, line 5036:  Called nonfatal '_test_runner'
 *   isolated-functions.sh, line  105:  Called _test_runner
 *             environment, line 3075:  Called cmake-utils_src_test
 *             environment, line 1166:  Called _cmake_execute_optionally 'src_test'
 *             environment, line  497:  Called enable_cmake-utils_src_test
 *             environment, line 1649:  Called die
 * The specific snippet of code:
 *               die "Tests failed. When you file a bug, please attach the following file: 
 * 	${BUILD_DIR}/Testing/Temporary/LastTest.log";




Comment 1


eroen





          2017-05-11 16:06:44 UTC
        

Created attachment 472336 [details]
LastTest.log

14/14 Testing: kwidgetsaddons-kcolumnresizertest
14/14 Test: kwidgetsaddons-kcolumnresizertest
Command: "/var/tmp/portage/kde-frameworks/kwidgetsaddons-5.33.0/work/kwidgetsaddons-5.33.0_build/autotests/kcolumnresizertest"
Directory: /var/tmp/portage/kde-frameworks/kwidgetsaddons-5.33.0/work/kwidgetsaddons-5.33.0_build/autotests
"kwidgetsaddons-kcolumnresizertest" start time: May 11 17:55 CEST
Output:
----------------------------------------------------------
qt5ct: using qt5ct plugin
********* Start testing of KColumnResizerTest *********
Config: Using QtTest library 5.7.1, Qt 5.7.1 (x86_64-little_endian-lp64 shared (dynamic) release build; by GCC 6.3.0)
PASS   : KColumnResizerTest::initTestCase()
QWARN  : KColumnResizerTest::test(forms) inotify_add_watch("/var/tmp/portage/kde-frameworks/kwidgetsaddons-5.33.0/homedir/.config/qt5ct/") failed: "No such file or directory"
PASS   : KColumnResizerTest::test(forms)
PASS   : KColumnResizerTest::test(grids)
FAIL!  : KColumnResizerTest::test(grid-and-form) Compared values are not the same
   Actual   (widget1->x()): 146
   Expected (widget2x)    : 158
   Loc: [/var/tmp/portage/kde-frameworks/kwidgetsaddons-5.33.0/work/kwidgetsaddons-5.33.0/autotests/kcolumnresizertest.cpp(86)]
PASS   : KColumnResizerTest::cleanupTestCase()
Totals: 4 passed, 1 failed, 0 skipped, 0 blacklisted, 1387ms
********* Finished testing of KColumnResizerTest *********
<end of output>
Test time =   1.80 sec
----------------------------------------------------------
Test Failed.
"kwidgetsaddons-kcolumnresizertest" end time: May 11 17:56 CEST
"kwidgetsaddons-kcolumnresizertest" time elapsed: 00:00:01
----------------------------------------------------------




Comment 2


eroen





          2017-05-11 16:09:01 UTC
        

occam ~ # emerge --info '=kde-frameworks/kwidgetsaddons-5.33.0::gentoo'
Portage 2.3.5 (python 3.6.1-final-0, hardened/linux/amd64, gcc-6.3.0, glibc-2.23-r3, 4.9.24-hardened-o0 x86_64)
=================================================================
                         System Settings
=================================================================
System uname: Linux-4.9.24-hardened-o0-x86_64-Intel-R-_Core-TM-_i5-2520M_CPU_@_2.50GHz-with-gentoo-2.3
KiB Mem:     8000768 total,    217360 free
KiB Swap:   16777212 total,  15760420 free
Timestamp of repository gentoo: Wed, 10 May 2017 19:30:01 +0000
Timestamp of repository eroen: Sun, 30 Oct 2016 21:58:42 +0000
sh bash 4.4_p12
ld GNU ld (Gentoo 2.27 p1.0) 2.27
ccache version 3.3.4 [disabled]
app-shells/bash:          4.4_p12::gentoo
dev-java/java-config:     2.2.0-r3::gentoo
dev-lang/perl:            5.24.1-r1::gentoo
dev-lang/python:          2.7.13::gentoo, 3.4.6::gentoo, 3.5.3::gentoo, 3.6.1-r1::gentoo
dev-util/ccache:          3.3.4::gentoo
dev-util/cmake:           3.8.1::gentoo
dev-util/pkgconfig:       0.29.2::gentoo
sys-apps/baselayout:      2.3::gentoo
sys-apps/openrc:          0.25::gentoo
sys-apps/sandbox:         2.10-r4::gentoo
sys-devel/autoconf:       2.13::gentoo, 2.69-r3::gentoo
sys-devel/automake:       1.12.6-r1::gentoo, 1.15-r2::gentoo
sys-devel/binutils:       2.27::gentoo
sys-devel/gcc:            5.3.0::gentoo, 5.4.0-r2::gentoo, 6.3.0::gentoo
sys-devel/gcc-config:     1.8-r1::gentoo
sys-devel/libtool:        2.4.6-r4::gentoo
sys-devel/make:           4.2.1-r1::gentoo
sys-kernel/linux-headers: 4.10::gentoo (virtual/os-headers)
sys-libs/glibc:           2.23-r3::gentoo
Repositories:

gentoo
    location: /usr/portage
    sync-type: rsync
    sync-uri: rsync://rsync.gentoo.org/gentoo-portage
    priority: -1000
    sync-rsync-extra-opts: --exclude ChangeLog* --exclude /metadata/cache/ --stats --delay-updates -c

eroen
    location: /usr/local/portage
    masters: gentoo
    priority: 0

sapher
    location: /var/lib/overlays/sapher
    sync-type: git
    sync-uri: https://github.com/apinsard/sapher-overlay.git
    masters: gentoo

wiktorb
    location: /var/lib/overlays/wiktorb
    sync-type: git
    sync-uri: https://github.com/wiktor-b/overlay.git
    masters: gentoo

enlightenment
    location: /var/lib/layman/enlightenment
    masters: gentoo
    priority: 50

flora
    location: /var/lib/layman/flora
    masters: gentoo
    priority: 50

gamerlay
    location: /var/lib/layman/gamerlay
    masters: gentoo
    priority: 50

glc
    location: /var/lib/layman/glc
    masters: gentoo
    priority: 50

hardened-development
    location: /var/lib/layman/hardened-development
    masters: gentoo
    priority: 50

haskell
    location: /var/lib/layman/haskell
    masters: gentoo
    priority: 50

hasufell
    location: /var/lib/layman/hasufell
    masters: gentoo
    priority: 50

java
    location: /var/lib/layman/java
    masters: gentoo
    priority: 50

laurentb
    location: /var/lib/layman/laurentb
    masters: gentoo
    priority: 50

roslin
    location: /var/lib/layman/roslin
    masters: gentoo
    priority: 50

science
    location: /var/lib/layman/science
    masters: gentoo
    priority: 50

stuff
    location: /var/lib/layman/stuff
    sync-type: git
    sync-uri: https://github.com/istitov/stuff.git
    masters: gentoo
    priority: 50

sunrise
    location: /var/lib/layman/sunrise
    masters: gentoo
    priority: 50

toolchain
    location: /var/lib/layman/toolchain
    masters: gentoo
    priority: 50

v-fox
    location: /var/lib/layman/v-fox
    masters: gentoo
    priority: 50

wine-a-holics
    location: /var/lib/layman/wine-a-holics
    masters: gentoo
    priority: 50

ACCEPT_KEYWORDS="amd64 ~amd64"
ACCEPT_LICENSE="*"
CBUILD="x86_64-pc-linux-gnu"
CFLAGS="-march=corei7-avx -pipe -Og -g -gdwarf-4"
CHOST="x86_64-pc-linux-gnu"
CONFIG_PROTECT="/etc /usr/share/config /usr/share/easy-rsa /usr/share/gnupg/qualified.txt"
CONFIG_PROTECT_MASK="/etc/ca-certificates.conf /etc/dconf /etc/env.d /etc/fonts/fonts.conf /etc/gconf /etc/gentoo-release /etc/revdep-rebuild /etc/sandbox.d /etc/terminfo /etc/texmf/language.dat.d /etc/texmf/language.def.d /etc/texmf/updmap.d /etc/texmf/web2c"
CXXFLAGS="-march=corei7-avx -pipe -Og -g -gdwarf-4"
DISTDIR="/var/distfiles"
EMERGE_DEFAULT_OPTS="--jobs=4 --autounmask --quiet-build --nospinner --verbose-conflicts --verbose-slot-rebuilds"
FCFLAGS="-O2 -pipe"
FEATURES="assume-digests binpkg-logs binpkg-multi-instance cgroup collision-protect compressdebug config-protect-if-modified distlocks ebuild-locks fixlafiles installsources ipc-sandbox merge-sync network-sandbox news parallel-fetch parallel-install preserve-libs protect-owned sandbox sfperms split-log splitdebug strict test unknown-features-warn unmerge-logs unmerge-orphans userfetch userpriv usersandbox usersync xattr"
FFLAGS="-O2 -pipe"
GENTOO_MIRRORS=""
LANG="en_GB.utf8"
LDFLAGS="-Wl,-O1 -Wl,--as-needed -Wl,--hash-style=gnu"
MAKEOPTS="-j4 -l10"
PKGDIR="/var/packages"
PORTAGE_COMPRESS="xz"
PORTAGE_COMPRESS_FLAGS="-9"
PORTAGE_CONFIGROOT="/"
PORTAGE_RSYNC_EXTRA_OPTS="--exclude ChangeLog* --exclude /metadata/cache/ --stats --delay-updates -c"
PORTAGE_RSYNC_OPTS="--recursive --links --safe-links --perms --times --omit-dir-times --compress --force --whole-file --delete --stats --human-readable --timeout=180 --exclude=/distfiles --exclude=/local --exclude=/packages --exclude=/.git"
PORTAGE_TMPDIR="/var/tmp"
USE="X a52 aac acl alsa amd64 apng audio audiofile avresample avx bash-completion bdf berkdb bluray bzip2 cairo caps cb cdda cdparanoia cdr cjk cli corefonts cracklib crypt cups curl cxx ddate declarative detex device-mapper dga dia djvu dri dts dvd dvi2tty dvipdfm ebook egl exif fam ffmpeg fftw fits flac fontconfig g3dvl gallium gbm gcrypt gdbm gif gimp git glamor glib glibc-omitfp gmp gnuplot gnutls gold gpm graphics graphviz gs gstreamer gtk gtk3 hardened highlight hscolour iconv icu id3tag idn imagemagick imlib inotify iproute2 ipv6 jbig jpeg jpeg2k jpg json justify kde kde4 kpathsea latex lcms libffi libssh2 libv4l luatex lvm lvm2 lzma lzo man metric mikmod mkv mms mmx mng modules mp3 mpeg mpg123 multilib multimedia musepack ncurses netlink nptl nut ocr odbc offensive ogg opengl openmp openvg optimization optimized-qmake opus pam pango pax_kernel pcre pdf pgf phonon pie png postscript private-headers pstricks pth publishers python3 qt3support qt4 raw readline samba sbsms scanner science sdl seccomp session smp sna sndfile speex spell sqlite sse sse2 sse3 sse4 sse41 sse4_1 sse4_2 ssh ssl ssp ssse3 svg t1lib tcpd tesseract theora threads tiff tls truetype udev unicode urandom usb v4l v4l2 vaapi video vorbis vpx webp wmf x264 xanim xattr xcb xcomposite xetex xft xinerama xkb xml xmlpatterns xorg xosd xpm xrandr xtpax xv xvid xvmc xz zlib zsh-completion" ABI_X86="32 64" APACHE2_MODULES="authn_core authz_core socache_shmcb unixd actions alias auth_basic authn_alias authn_anon authn_dbm authn_default authn_file authz_dbm authz_default authz_groupfile authz_host authz_owner authz_user autoindex cache cgi cgid dav dav_fs dav_lock deflate dir disk_cache env expires ext_filter file_cache filter headers include info log_config logio mem_cache mime mime_magic negotiation rewrite setenvif speling status unique_id userdir usertrack vhost_alias" CALLIGRA_FEATURES="kexi words flow plan sheets stage tables krita karbon braindump author" COLLECTD_PLUGINS="df interface irq load memory rrdtool swap syslog" CPU_FLAGS_X86="mmx sse sse2 avx sse3 ssse3 sse4_1 aes avx mmxext popcnt sse3 sse4_1 sse4_2 ssse3" CURL_SSL="openssl" ELIBC="glibc" GPSD_PROTOCOLS="ashtech aivdm earthmate evermore fv18 garmin garmintxt gpsclock isync itrax mtk3301 nmea ntrip navcom oceanserver oldstyle oncore rtcm104v2 rtcm104v3 sirf skytraq superstar2 timing tsip tripmate tnt ublox ubx" GRUB_PLATFORMS="efi-64" INPUT_DEVICES="mouse keyboard evdev synaptics wacom" KERNEL="linux" L10N="en en-US en-GB eng" LCD_DEVICES="bayrad cfontz cfontz633 glk hd44780 lb216 lcdm001 mtxorb ncurses text" LIBREOFFICE_EXTENSIONS="presenter-console presenter-minimizer" LINGUAS="en gb us en_US en_GB eng jbo no nb nn no_NO nb_NO nn_NO nor" LLVM_TARGETS="BPF X86" OFFICE_IMPLEMENTATION="libreoffice" PHP_TARGETS="php5-3" PYTHON_SINGLE_TARGET="python3_4" PYTHON_TARGETS="python2_7 python3_4 python3_5 python3_6" QEMU_SOFTMMU_TARGETS="x86_64 i386" RUBY_TARGETS="ruby21" SANE_BACKENDS="plustek" USERLAND="GNU" VIDEO_CARDS="intel i965 ilo" XTABLES_ADDONS="quota2 psd pknock lscan length2 ipv4options ipset ipp2p iface geoip fuzzy condition tee tarpit sysrq steal rawnat logmark ipmark dhcpmac delude chaos account"
USE_PYTHON="2.7 3.3 3.4"
Unset:  CC, CPPFLAGS, CTARGET, CXX, INSTALL_MASK, LC_ALL, PORTAGE_BUNZIP2_COMMAND

occam ~ # emerge -pqv '=kde-frameworks/kwidgetsaddons-5.33.0::gentoo'
[ebuild  N    ] kde-frameworks/kwidgetsaddons-5.33.0  USE="{test} -debug -nls"




Comment 3


Andreas Sturmlechner






          2017-05-18 21:49:13 UTC
        

Please try again with 5.34, I can't reproduce this (as I could not with 5.33).

This looks in fact qt5ct related, judging by your error message.




Comment 4


Coacher





          2017-05-19 12:44:19 UTC
        

All tests pass here with kwidgetsaddons-5.{29,33,34}.0 and qt5ct-0.32. qt5ct-0.31 should be good too. What qt5ct version do you have?




Comment 5


Andreas Sturmlechner






          2017-05-30 18:07:24 UTC
        

Closing in the absence of a follow-up.









Format For Printing
 - XML
 - Clone This Bug
 - Clone In The Same 
                        Product
 - Top of page 







Home
| New–[Ex]
| Browse
| Search
| Privacy Policy

| 





[?]
| Reports

| 
Requests

| 
Help


| 
New Account


| 
Log In





[x]



| 
Forgot Password

Login:




[x]

