Title: 934195 – kde-plasma/xdg-desktop-portal-kde-6.0.90-r1 fails test colorschemetest - No such file or directory: '/usr/libexec/xdg-desktop-portal-kde' (different from #926483)
URL: https://bugs.gentoo.org/show_bug.cgi?id=934195

Go to: 
		Gentoo Home
Documentation
Forums
Lists
Bugs
Planet
Store
Wiki
Get Gentoo!





Gentoo's Bugzilla – Bug 934195
kde-plasma/xdg-desktop-portal-kde-6.0.90-r1 fails test colorschemetest - No such file or directory: '/usr/libexec/xdg-desktop-portal-kde' (different from #926483)
Last modified: 2024-06-13 15:29:34 UTC node [vulture]


Home
| New–[Ex]
| Browse
| Search
| Privacy Policy

| 





[?]
| Reports

| 
Requests

| 
Help


| 
New Account


| 
Log In





[x]



| 
Forgot Password

Login:




[x]













Bug 934195 
      - kde-plasma/xdg-desktop-portal-kde-6.0.90-r1 fails test colorschemetest - No such file or directory: '/usr/libexec/xdg-desktop-portal-kde' (different from #926483)


Summary:
kde-plasma/xdg-desktop-portal-kde-6.0.90-r1 fails test colorschemetest - No s...
        









Status:
    

RESOLVED
          WORKSFORME
      






Alias:


        None
    





Product:

Gentoo Linux




Classification:

Unclassified




Component:

Current packages

  (show other bugs)



Hardware:

All
        Linux
      







Importance:
      
Normal
       normal
      


Assignee:

Gentoo KDE team








URL:







Whiteboard:




Keywords:








Depends on:







Blocks:









 





      Reported:
    
2024-06-13 10:21 UTC by Paolo Pedroni





      Modified:
    
2024-06-13 15:29 UTC
      (History)
    




          CC List:
        

2 
          users
          
            (show)
          



paolo.pedroni
sam









See Also:


926483





Package list:







Runtime testing required:

---























      Attachments
    




xdg-desktop-portal-kde-6.0.90-r1:20240613-101517.log.gz

              (xdg-desktop-portal-kde-6.0.90-r1:20240613-101517.log.gz,17.74 KB,
                application/gzip)

            
2024-06-13 10:21 UTC,

            Paolo Pedroni




Details





View All

Add an attachment
        (proposed patch, testcase, etc.)
    








Note
              You need to
              log in
              before you can comment on or make changes to this bug.
            

















Description


Paolo Pedroni





          2024-06-13 10:21:59 UTC
        

Created attachment 895735 [details]
xdg-desktop-portal-kde-6.0.90-r1:20240613-101517.log.gz

With VIRTUALX_REQUIRED=test (otherwise we get bug #926483) I now get:

>>> Test phase: kde-plasma/xdg-desktop-portal-kde-6.0.90-r1
 * Starting Xvfb ...
 * Xvfb started on DISPLAY=:2
 * Source directory (CMAKE_USE_DIR): "/var/tmp/portage/kde-plasma/xdg-desktop-portal-kde-6.0.90-r1/work/xdg-desktop-portal-kde-6.0.90"
 * Build directory  (BUILD_DIR):     "/var/tmp/portage/kde-plasma/xdg-desktop-portal-kde-6.0.90-r1/work/xdg-desktop-portal-kde-6.0.90_build"
ctest -j 32 --test-load 32
Test project /var/tmp/portage/kde-plasma/xdg-desktop-portal-kde-6.0.90-r1/work/xdg-desktop-portal-kde-6.0.90_build
    Start 1: appstreamtest
1/4 Test #1: appstreamtest ....................   Passed    0.01 sec
    Start 2: xdgshortcuttest
2/4 Test #2: xdgshortcuttest ..................   Passed    0.01 sec
    Start 3: colorschemetest
    Start 4: inputcapturebarriertest
3/4 Test #4: inputcapturebarriertest ..........   Passed    0.00 sec
4/4 Test #3: colorschemetest ..................***Failed    0.07 sec

75% tests passed, 1 tests failed out of 4

Total Test time (real) =   0.09 sec

The following tests FAILED:
          3 - colorschemetest (Failed)
Errors while running CTest
Output from these tests are in: /var/tmp/portage/kde-plasma/xdg-desktop-portal-kde-6.0.90-r1/work/xdg-desktop-portal-kde-6.0.90_build/Testing/Temporary/LastTest.log
Use "--rerun-failed --output-on-failure" to re-run the failed cases verbosely.
 * ERROR: kde-plasma/xdg-desktop-portal-kde-6.0.90-r1::gentoo failed (test phase)

Relevant part of LastTest.log says:
3/4 Testing: colorschemetest
3/4 Test: colorschemetest
Command: "/usr/bin/python3" "/var/tmp/portage/kde-plasma/xdg-desktop-portal-kde-6.0.90-r1/work/xdg-desktop-portal-kde-6.0.90/autotests/colorschemetest.py"
Directory: /var/tmp/portage/kde-plasma/xdg-desktop-portal-kde-6.0.90-r1/work/xdg-desktop-portal-kde-6.0.90_build/autotests
"colorschemetest" start time: Jun 13 12:15 CEST
Output:
----------------------------------------------------------
E
======================================================================
ERROR: setUpClass (__main__.OrgFreeDesktopAppearanceTests)
----------------------------------------------------------------------
Traceback (most recent call last):
  File "/var/tmp/portage/kde-plasma/xdg-desktop-portal-kde-6.0.90-r1/work/xdg-desktop-portal-kde-6.0.90/autotests/colorschemetest.py", line 51, in setUpClass
    cls.portal_process = subprocess.Popen([os.path.join(KDE_INSTALL_FULL_LIBEXECDIR, "xdg-desktop-portal-kde")], env=debug_environ, stdout=sys.stderr, stderr=sys.stderr)
                         ^^^^^^^^^^^^^^^^^^^^^^^^^^^^^^^^^^^^^^^^^^^^^^^^^^^^^^^^^^^^^^^^^^^^^^^^^^^^^^^^^^^^^^^^^^^^^^^^^^^^^^^^^^^^^^^^^^^^^^^^^^^^^^^^^^^^^^^^^^^^^^^^
  File "/usr/lib/python3.12/subprocess.py", line 1026, in __init__
    self._execute_child(args, executable, preexec_fn, close_fds,
  File "/usr/lib/python3.12/subprocess.py", line 1955, in _execute_child
    raise child_exception_type(errno_num, err_msg, err_filename)
FileNotFoundError: [Errno 2] No such file or directory: '/usr/libexec/xdg-desktop-portal-kde'

----------------------------------------------------------------------
Ran 0 tests in 0.016s

FAILED (errors=1)
<end of output>
Test time =   0.07 sec
----------------------------------------------------------
Test Failed.
"colorschemetest" end time: Jun 13 12:15 CEST
"colorschemetest" time elapsed: 00:00:00
----------------------------------------------------------

# emerge --info =kde-plasma/xdg-desktop-portal-kde-6.0.90-r1
Portage 3.0.63 (python 3.12.3-final-0, default/linux/amd64/23.0/desktop/plasma/systemd, gcc-13, glibc-2.39-r6, 6.6.30-gentoo x86_64)
=================================================================
                         System Settings
=================================================================
System uname: Linux-6.6.30-gentoo-x86_64-AMD_Ryzen_9_7950X3D_16-Core_Processor-with-glibc2.39
KiB Mem:   131009996 total,  66217156 free
KiB Swap:  134217724 total, 134186748 free
Timestamp of repository gentoo: Thu, 13 Jun 2024 08:45:00 +0000
Head commit of repository gentoo: c61e59ba9a678e3a74136f3ec28273d82d029cfd
sh dash 0.5.12
ld GNU ld (Gentoo 2.42 p3) 2.42.0
distcc 3.4 x86_64-pc-linux-gnu [disabled]
ccache version 4.9.1 [disabled]
app-misc/pax-utils:        1.3.7::gentoo
app-shells/bash:           5.1_p16-r6::gentoo
dev-build/autoconf:        2.71-r7::gentoo
dev-build/automake:        1.16.5-r2::gentoo
dev-build/cmake:           3.28.5::gentoo
dev-build/libtool:         2.4.7-r4::gentoo
dev-build/make:            4.4.1-r1::gentoo
dev-build/meson:           1.4.0-r1::gentoo
dev-java/java-config:      2.3.3-r1::gentoo
dev-lang/perl:             5.38.2-r3::gentoo
dev-lang/python:           3.12.3-r1::gentoo
dev-lang/rust:             1.77.1::gentoo
dev-util/ccache:           4.9.1-r1::gentoo
sys-apps/baselayout:       2.15::gentoo
sys-apps/sandbox:          2.38::gentoo
sys-apps/systemd:          255.7::gentoo
sys-devel/binutils:        2.42-r1::gentoo
sys-devel/binutils-config: 5.5::gentoo
sys-devel/clang:           17.0.6::gentoo
sys-devel/gcc:             13.2.1_p20240210::gentoo
sys-devel/gcc-config:      2.11::gentoo
sys-devel/lld:             17.0.6::gentoo
sys-devel/llvm:            17.0.6::gentoo
sys-kernel/linux-headers:  6.6-r1::gentoo (virtual/os-headers)
sys-libs/glibc:            2.39-r6::gentoo
Repositories:

gentoo
    location: /var/db/repos/gentoo
    sync-type: rsync
    sync-uri: rsync://rsync.europe.gentoo.org/gentoo-portage
    priority: -1000
    volatile: True
    sync-rsync-verify-max-age: 24
    sync-rsync-verify-metamanifest: yes
    sync-rsync-verify-jobs: 1
    sync-rsync-extra-opts: 

x-portage
    location: /usr/local/portage
    masters: gentoo
    priority: 0
    volatile: True

Binary Repositories:

gentoobinhost
    priority: 1
    sync-uri: https://gentoo.osuosl.org/releases/amd64/binpackages/23.0/x86-64-v3

ACCEPT_KEYWORDS="amd64"
ACCEPT_LICENSE="@FREE"
AR="/usr/bin/gcc-ar"
CBUILD="x86_64-pc-linux-gnu"
CFLAGS="-O2 -pipe -frecord-gcc-switches -march=znver4 -mshstk -flto=16 -Werror=odr -Werror=lto-type-mismatch -Werror=strict-aliasing"
CHOST="x86_64-pc-linux-gnu"
CONFIG_PROTECT="/etc /usr/lib64/libreoffice/program/sofficerc /usr/share/config /usr/share/easy-rsa /usr/share/gnupg/qualified.txt"
CONFIG_PROTECT_MASK="/etc/ca-certificates.conf /etc/dconf /etc/env.d /etc/fonts/fonts.conf /etc/gconf /etc/gentoo-release /etc/revdep-rebuild /etc/sandbox.d"
CXXFLAGS="-O2 -pipe -frecord-gcc-switches -march=znver4 -mshstk -flto=16 -Werror=odr -Werror=lto-type-mismatch -Werror=strict-aliasing"
DISTDIR="/var/cache/distfiles"
EMERGE_DEFAULT_OPTS="--keep-going y --with-bdeps y"
ENV_UNSET="CARGO_HOME DBUS_SESSION_BUS_ADDRESS DISPLAY GDK_PIXBUF_MODULE_FILE GOBIN GOPATH PERL5LIB PERL5OPT PERLPREFIX PERL_CORE PERL_MB_OPT PERL_MM_OPT XAUTHORITY XDG_CACHE_HOME XDG_CONFIG_HOME XDG_DATA_HOME XDG_RUNTIME_DIR XDG_STATE_HOME"
FCFLAGS="-O2 -pipe -frecord-gcc-switches -march=znver4 -mshstk -flto=16 -Werror=odr -Werror=lto-type-mismatch -Werror=strict-aliasing"
FEATURES="assume-digests binpkg-docompress binpkg-dostrip binpkg-logs binpkg-multi-instance buildpkg-live compress-build-logs config-protect-if-modified distlocks ebuild-locks fixlafiles ipc-sandbox merge-sync merge-wait multilib-strict network-sandbox news parallel-fetch pid-sandbox pkgdir-index-trusted preserve-libs protect-owned qa-unresolved-soname-deps sandbox sfperms sign split-elog split-log strict test unknown-features-warn unmerge-logs unmerge-orphans userfetch userpriv usersandbox usersync xattr"
FFLAGS="-O2 -pipe -frecord-gcc-switches -march=znver4 -mshstk -flto=16 -Werror=odr -Werror=lto-type-mismatch -Werror=strict-aliasing"
GENTOO_MIRRORS="https://gentoo.mirror.garr.it/ https://mirror.netcologne.de/gentoo/ https://mirrors.evoluso.com/gentoo/ https://gentoo.mirrors.ovh.net/gentoo-distfiles/"
LANG="it_IT.utf8"
LDFLAGS="-Wl,-O1 -Wl,--as-needed -Wl,-z,pack-relative-relocs -Wl,--hash-style=gnu -Wl,--sort-common"
LEX="flex"
MAKEOPTS="-j32 -l32"
NM="/usr/bin/gcc-nm"
PKGDIR="/var/cache/binpkgs"
PORTAGE_CONFIGROOT="/"
PORTAGE_RSYNC_OPTS="--recursive --links --safe-links --perms --times --omit-dir-times --compress --force --whole-file --delete --stats --human-readable --timeout=180 --exclude=/distfiles --exclude=/local --exclude=/packages --exclude=/.git"
PORTAGE_TMPDIR="/var/tmp"
RANLIB="/usr/bin/gcc-ranlib"
SHELL="/bin/bash"
USE="X a52 aac aalib acl acpi activities adns alsa amd64 ao audiofile avif bash-completion bluetooth branding brotli bzip2 cairo caps cdda cddb cdparanoia cdr cet colord crypt css cups curl dbus declarative dga djvu dri dts dvd dvdr encode exif expat fbcon ffmpeg fftw flac fontconfig foomaticdb fortran ftp gd gdbm geoip gif gimp gles2 gmp gnutls gphoto2 gpm graphviz gstreamer gtk gui guile handbook heif http2 iconv icu idn imagemagick imlib introspection ipv6 java javascript jbig jemalloc jpeg jpeg2k jpegxl kde kf6compat kwallet lame lapack lcms libass libnotify libsamplerate libtirpc lm-sensors lto lua lz4 lzma lzo mad magic man mhash mmap mng mp3 mp4 mpeg multilib musicbrainz ncurses nls offensive ogg openal opencl opengl openmp opus pam pango pcre pdf pipewire plasma png policykit postscript ppds pulseaudio qml qt5 qt6 rdesktop readline recode samba screencast sctp sdl seccomp sndfile sockets sound speex spell sqlite ssl startup-notification svg symlink syslog systemd sysvipc taglib telemetry test test-rust theora threads tidy tiff truetype udev udisks unicode upower usb v4l vaapi vala verify-sig vim-syntax vnc vorbis vulkan wavpack wayland webp widgets win32codecs wmf wxwidgets x264 xattr xcb xft xinerama xml xpm xscreensaver xv xvid yahoo zip zlib zstd" ABI_X86="64" ADA_TARGET="gcc_12" ALSA_CARDS="hda-intel virmidi" APACHE2_MODULES="authn_core authz_core socache_shmcb unixd actions alias auth_basic authn_anon authn_dbm authn_file authz_dbm authz_groupfile authz_host authz_owner authz_user autoindex cache cgi cgid dav dav_fs dav_lock deflate dir env expires ext_filter file_cache filter headers include info log_config logio mime mime_magic negotiation rewrite setenvif speling status unique_id userdir usertrack vhost_alias" CALLIGRA_FEATURES="karbon sheets words" CAMERAS="ptp2" COLLECTD_PLUGINS="df interface irq load memory rrdtool swap syslog" CPU_FLAGS_X86="aes avx avx2 avx512_bf16 avx512_bitalg avx512_vbmi2 avx512_vnni avx512_vpopcntdq avx512bw avx512cd avx512dq avx512f avx512ifma avx512vbmi avx512vl f16c fma3 mmx mmxext pclmul popcnt rdrand sha sse sse2 sse3 sse4_1 sse4_2 sse4a ssse3 vpclmulqdq" CURL_SSL="gnutls" ELIBC="glibc" GPSD_PROTOCOLS="ashtech aivdm earthmate evermore fv18 garmin garmintxt gpsclock greis isync itrax mtk3301 ntrip navcom oceanserver oncore rtcm104v2 rtcm104v3 sirf skytraq superstar2 tsip tripmate tnt ublox" GRUB_PLATFORMS="efi-64" INPUT_DEVICES="libinput" KERNEL="linux" L10N="it en" LCD_DEVICES="bayrad cfontz glk hd44780 lb216 lcdm001 mtxorb text" LLVM_TARGETS="AMDGPU" LUA_SINGLE_TARGET="lua5-1" LUA_TARGETS="lua5-1" OFFICE_IMPLEMENTATION="libreoffice" PERL_FEATURES="ithreads quadmath" PHP_TARGETS="php8-2" POSTGRES_TARGETS="postgres15" PYTHON_SINGLE_TARGET="python3_12" PYTHON_TARGETS="python3_12" RUBY_TARGETS="ruby31 ruby32" VIDEO_CARDS="amdgpu radeon radeonsi" XTABLES_ADDONS="quota2 psd pknock lscan length2 ipv4options ipp2p iface geoip fuzzy condition tarpit sysrq proto logmark ipmark dhcpmac delude chaos account"
Unset:  ADDR2LINE, ARFLAGS, AS, ASFLAGS, CC, CCLD, CONFIG_SHELL, CPP, CPPFLAGS, CTARGET, CXX, CXXFILT, ELFEDIT, EXTRA_ECONF, F77FLAGS, FC, GCOV, GPROF, INSTALL_MASK, LC_ALL, LD, LFLAGS, LIBTOOL, LINGUAS, MAKE, MAKEFLAGS, OBJCOPY, OBJDUMP, PORTAGE_BINHOST, PORTAGE_BUNZIP2_COMMAND, PORTAGE_COMPRESS, PORTAGE_COMPRESS_FLAGS, PORTAGE_RSYNC_EXTRA_OPTS, PYTHONPATH, READELF, RUSTFLAGS, SIZE, STRINGS, STRIP, YACC, YFLAGS

# emerge -1pqv =kde-plasma/xdg-desktop-portal-kde-6.0.90-r1
[ebuild     U ] kde-plasma/xdg-desktop-portal-kde-6.0.90-r1 [6.0.90] USE="test -debug"




Comment 1


Paolo Pedroni





          2024-06-13 11:48:14 UTC
        

# locate xdg-desktop-portal-kde
[...]
/usr/lib64/libexec/xdg-desktop-portal-kde
[...]




Comment 2


Andreas Sturmlechner






          2024-06-13 15:29:34 UTC
        

Test passes for me here when xdg-desktop-portal-kde is installed, not if it is a first-time install. In your case it will have been a fluke due to libexec path changing on revbump.

Anyway, apparently that test relies on package being installed already then.









Format For Printing
 - XML
 - Clone This Bug
 - Clone In The Same 
                        Product
 - Top of page 







Home
| New–[Ex]
| Browse
| Search
| Privacy Policy

| 





[?]
| Reports

| 
Requests

| 
Help


| 
New Account


| 
Log In





[x]



| 
Forgot Password

Login:




[x]

